<?xml version="1.0" encoding="UTF-8"?>
<testsuite name="com.example.rqchallenge.employees.controllers.EmployeeControllerImplTest" tests="7" skipped="0" failures="0" errors="0" timestamp="2024-09-12T12:18:25" hostname="DESKTOP-CF2R524" time="0.217">
  <properties/>
  <testcase name="getTopTenHighestEarningEmployeeNames()" classname="com.example.rqchallenge.employees.controllers.EmployeeControllerImplTest" time="0.17"/>
  <testcase name="getEmployeeByIdSearch()" classname="com.example.rqchallenge.employees.controllers.EmployeeControllerImplTest" time="0.006"/>
  <testcase name="getAllEmployees()" classname="com.example.rqchallenge.employees.controllers.EmployeeControllerImplTest" time="0.002"/>
  <testcase name="deleteEmployeeById()" classname="com.example.rqchallenge.employees.controllers.EmployeeControllerImplTest" time="0.003"/>
  <testcase name="getHighestSalaryOfEmployees()" classname="com.example.rqchallenge.employees.controllers.EmployeeControllerImplTest" time="0.003"/>
  <testcase name="getEmployeesByNameSearch()" classname="com.example.rqchallenge.employees.controllers.EmployeeControllerImplTest" time="0.005"/>
  <testcase name="createEmployee()" classname="com.example.rqchallenge.employees.controllers.EmployeeControllerImplTest" time="0.025"/>
  <system-out><![CDATA[2024-09-12 17:48:25.750  INFO 25780 --- [    Test worker] c.e.r.e.c.EmployeeControllerImpl         : getEmployeeByIdSearch:id : 15
2024-09-12 17:48:25.750  INFO 25780 --- [    Test worker] c.e.r.e.c.EmployeeControllerImpl         : getEmployeeByIdSearch:id : 10000
2024-09-12 17:48:25.766  INFO 25780 --- [    Test worker] c.e.r.e.c.EmployeeControllerImpl         : deleteEmployeeById:id : 15
2024-09-12 17:48:25.766  INFO 25780 --- [    Test worker] c.e.r.e.c.EmployeeControllerImpl         : getEmployeesByNameSearch:searchString : Tatyana
2024-09-12 17:48:25.766  INFO 25780 --- [    Test worker] c.e.r.e.c.EmployeeControllerImpl         : getEmployeesByNameSearch:searchString : abcde
2024-09-12 17:48:25.797  INFO 25780 --- [    Test worker] c.e.r.e.c.EmployeeControllerImpl         : createEmployee:EmployeeDto{id='', name='dummy', salary='12345', age='30', image=''}
]]></system-out>
  <system-err><![CDATA[]]></system-err>
</testsuite>
